Arguments: 
  C:\Program Files\nodejs\node.exe C:\Program Files (x86)\Yarn\bin\yarn.js

PATH: 
  C:\Program Files\Git\mingw64\bin;C:\Program Files\Git\usr\bin;C:\Users\Admin\bin;C:\Windows\system32;C:\Windows;C:\Windows\System32\Wbem;C:\Windows\System32\WindowsPowerShell\v1.0;C:\Program Files (x86)\NVIDIA Corporation\PhysX\Common;E:\Application\command;C:\Program Files\nodejs;C:\Program Files\Git\cmd;C:\Program Files (x86)\Yarn\bin;C:\Users\Admin\AppData\Local\Microsoft\WindowsApps;C:\Users\Admin\AppData\Local\GitHubDesktop\bin;C:\Users\Admin\AppData\Local\Programs\Microsoft VS Code\bin;C:\Users\Admin\AppData\Roaming\npm;C:\Users\Admin\AppData\Local\Yarn\bin

Yarn version: 
  1.22.5

Node version: 
  12.16.2

Platform: 
  win32 x64

Trace: 
  Error: ENOSPC: no space left on device, copyfile 'C:\Users\Admin\AppData\Local\Yarn\Cache\v6\npm-source-map-0.5.7-8a039d2d1021d22d1ea14c80d8ea468ba2ef3fcc-integrity\node_modules\source-map\dist\source-map.js' -> 'C:\OpenServer\domains\park\node_modules\snapdragon\node_modules\source-map\dist\source-map.js'

npm manifest: 
  {
      "name": "Anex.by",
      "description": "Frontend development with pleasure",
      "author": "promicom",
      "repository": {
          "type": "git",
          "url": "https://github.com/Igor3007/anex.git"
      },
      "license": "MIT",
      "scripts": {
          "dev": "gulp",
          "build": "gulp prod --production",
          "build:views": "gulp views --production",
          "build:styles": "gulp styles --production",
          "build:scripts": "gulp scripts --production",
          "build:images": "gulp images --production",
          "build:webp": "gulp webp --production",
          "build:sprites": "gulp sprites --production",
          "build:fonts": "gulp fonts --production",
          "build:favicons": "gulp favicons --production",
          "build:gzip": "gulp gzip --production",
          "lint:styles": "stylelint \"src/**/*.scss\" --syntax=scss",
          "lint:styles --fix": "stylelint \"src/**/*.scss\" --syntax=scss --fix",
          "lint:scripts": "eslint --color ./src/blocks",
          "lint:scripts --fix": "eslint --fix --color ./src/blocks"
      },
      "devDependencies": {
          "@babel/core": "^7.4.3",
          "@babel/preset-env": "^7.4.3",
          "@babel/register": "^7.4.0",
          "babel-eslint": "~10.0.2",
          "babel-loader": "^8.0.5",
          "bem-tools-core": "bem-tools/bem-tools-core",
          "bem-tools-create": "bem-tools/bem-tools-create",
          "browser-sync": "^2.23.6",
          "del": "^4.1.1",
          "gulp": "^4.0.0",
          "gulp-autoprefixer": "~6.1.0",
          "gulp-clean-css": "~4.2.0",
          "gulp-debug": "~4.0.0",
          "gulp-favicons": "^2.3.1",
          "gulp-group-css-media-queries": "^1.2.2",
          "gulp-if": "^2.0.2",
          "gulp-imagemin": "~6.0.0",
          "gulp-plumber": "^1.2.0",
          "gulp-pug": "^4.0.1",
          "gulp-rename": "^1.2.2",
          "gulp-replace": "^1.0.0",
          "gulp-sass": "~4.0.2",
          "gulp-sourcemaps": "^2.6.4",
          "gulp-svg-sprite": "^1.5.0",
          "gulp-watch": "^5.0.0",
          "gulp-webp": "^4.0.1",
          "husky": "^4.2.1",
          "imagemin-giflossy": "^5.1.10",
          "imagemin-jpeg-recompress": "~6.0.0",
          "imagemin-mozjpeg": "^8.0.0",
          "imagemin-pngquant": "~8.0.0",
          "imagemin-webp": "^5.0.0",
          "imagemin-zopfli": "^6.0.0",
          "lint-staged": "^10.0.3",
          "require-dir": "^1.2.0",
          "stylelint": "^10.0.1",
          "stylelint-order": "^3.0.0",
          "stylelint-selector-bem-pattern": "^2.1.0",
          "webpack": "~4.35.0",
          "webpack-stream": "^5.2.1",
          "yargs": "~13.2.4"
      },
      "dependencies": {
          "fancybox": "^3.0.1",
          "jquery": "^3.5.1",
          "smart-grid": "^2.1.2",
          "svg4everybody": "^2.1.9",
          "swiper": "^6.4.10"
      }
  }

yarn manifest: 
  No manifest

Lockfile: 
  No lockfile
